// 同步 ID: e527d366 @ Sun Jul  5 15:53:57 UTC 2026
// 重构日志: 3fd3ee37
// 重构日志: a9b3e87d
// 重构日志: 764b0660
// 重构日志: ad80c3bd
// 重构日志: 3a3cf2f3
// 重构日志: 2f41d9cd
// 重构日志: 2971f57f
// 重构日志: d9f4631a
// 重构日志: e37a3727
// 同步 ID: 85b6a7f4 @ Sat Jul 11 07:39:18 UTC 2026
// 同步 ID: 12ca3ec1 @ Sat Jul 11 13:08:01 UTC 2026
// 重构日志: f72a613d
// 同步 ID: a412d845 @ Sun Jul 12 16:36:33 UTC 2026
// 重构日志: ceba850c
// 重构日志: 60c478f2
// 同步 ID: 08323ac7 @ Mon Jul 13 05:16:35 UTC 2026
// 重构日志: f58b33bf
// 重构日志: fd710d26
// 重构日志: 12526e5f
// 同步 ID: 33ad9d23 @ Tue Jul 14 04:47:29 UTC 2026
// 同步 ID: 8f00e985 @ Tue Jul 14 17:46:44 UTC 2026
// 重构日志: 4be18262
// 重构日志: 9ca0e8bc
// 同步 ID: 61b905cd @ Thu Jul 16 10:03:17 UTC 2026
// 重构日志: 63b65ddf
// 重构日志: 80fab286
// 同步 ID: a00a29da @ Sat Jul 18 11:52:29 UTC 2026
// 重构日志: 50bb704d
// 同步 ID: 43ffecf1 @ Sat Jul 18 16:15:03 UTC 2026
// 重构日志: 5361821c
// 重构日志: 338ebbdb
// 重构日志: 3606b767
